<?xml version="1.0" encoding="UTF-8"?>
<beans:beans xmlns="http://www.springframework.org/schema/mvc"
	xmlns:xsi="http://www.w3.org/2001/XMLSchema-instance"
	xmlns:beans="http://www.springframework.org/schema/beans"
	xmlns:context="http://www.springframework.org/schema/context"
	xsi:schemaLocation="http://www.springframework.org/schema/mvc http://www.springframework.org/schema/mvc/spring-mvc.xsd
		http://www.springframework.org/schema/beans http://www.springframework.org/schema/beans/spring-beans.xsd
		http://www.springframework.org/schema/context http://www.springframework.org/schema/context/spring-context.xsd">

	<!-- 기존 applicationConext 설정파일 -->
	<beans:import resource="../security-context.xml" />
	<beans:import resource="./servlet-context.xml" />
	<beans:import resource="../root-context.xml" />
	
	
	<!--  CustomBeanFactoryPostProcessor -->	
	<beans:bean class="com.ustyle.utils.CustomBeanFactoryPostProcessor"/>
	
</beans:beans>
